<?xml version="1.0" encoding="UTF-8"?>
<testsuite xmlns:xsi="http://www.w3.org/2001/XMLSchema-instance" xsi:noNamespaceSchemaLocation="https://maven.apache.org/surefire/maven-surefire-plugin/xsd/surefire-test-report-3.0.xsd" version="3.0" name="org.nobank.architecture.api.chassis.test.NobankApiArchitectureChassisDevModeTest" time="1.122" tests="1" errors="0" skipped="0" failures="0">
  <properties>
    <property name="java.specification.version" value="17"/>
    <property name="sun.jnu.encoding" value="UTF-8"/>
    <property name="java.class.path" value="/home/edoardo/desenvolvimento/nobank-api-architecture/nobank-api-architecture-chassis/deployment/target/test-classes:/home/edoardo/desenvolvimento/nobank-api-architecture/nobank-api-architecture-chassis/deployment/target/classes:/home/edoardo/.m2/repository/io/quarkus/quarkus-arc-deployment/2.10.0.Final/quarkus-arc-deployment-2.10.0.Final.jar:/home/edoardo/.m2/repository/io/quarkus/quarkus-core-deployment/2.10.0.Final/quarkus-core-deployment-2.10.0.Final.jar:/home/edoardo/.m2/repository/org/aesh/readline/2.2/readline-2.2.jar:/home/edoardo/.m2/repository/org/fusesource/jansi/jansi/1.18/jansi-1.18.jar:/home/edoardo/.m2/repository/org/aesh/aesh/2.6/aesh-2.6.jar:/home/edoardo/.m2/repository/org/apache/commons/commons-lang3/3.12.0/commons-lang3-3.12.0.jar:/home/edoardo/.m2/repository/org/wildfly/common/wildfly-common/1.5.4.Final-format-001/wildfly-common-1.5.4.Final-format-001.jar:/home/edoardo/.m2/repository/io/quarkus/gizmo/gizmo/1.0.11.Final/gizmo-1.0.11.Final.jar:/home/edoardo/.m2/repository/org/ow2/asm/asm-util/9.3/asm-util-9.3.jar:/home/edoardo/.m2/repository/org/jboss/jandex/2.4.2.Final/jandex-2.4.2.Final.jar:/home/edoardo/.m2/repository/org/ow2/asm/asm/9.3/asm-9.3.jar:/home/edoardo/.m2/repository/org/ow2/asm/asm-commons/9.3/asm-commons-9.3.jar:/home/edoardo/.m2/repository/org/ow2/asm/asm-tree/9.3/asm-tree-9.3.jar:/home/edoardo/.m2/repository/org/ow2/asm/asm-analysis/9.3/asm-analysis-9.3.jar:/home/edoardo/.m2/repository/io/quarkus/quarkus-development-mode-spi/2.10.0.Final/quarkus-development-mode-spi-2.10.0.Final.jar:/home/edoardo/.m2/repository/io/quarkus/quarkus-class-change-agent/2.10.0.Final/quarkus-class-change-agent-2.10.0.Final.jar:/home/edoardo/.m2/repository/io/quarkus/quarkus-bootstrap-core/2.10.0.Final/quarkus-bootstrap-core-2.10.0.Final.jar:/home/edoardo/.m2/repository/io/quarkus/quarkus-bootstrap-app-model/2.10.0.Final/quarkus-bootstrap-app-model-2.10.0.Final.jar:/home/edoardo/.m2/repository/io/quarkus/quarkus-bootstrap-maven-resolver/2.10.0.Final/quarkus-bootstrap-maven-resolver-2.10.0.Final.jar:/home/edoardo/.m2/repository/org/apache/maven/maven-embedder/3.8.4/maven-embedder-3.8.4.jar:/home/edoardo/.m2/repository/org/apache/maven/maven-settings/3.8.4/maven-settings-3.8.4.jar:/home/edoardo/.m2/repository/org/apache/maven/maven-core/3.8.4/maven-core-3.8.4.jar:/home/edoardo/.m2/repository/org/apache/maven/maven-artifact/3.8.4/maven-artifact-3.8.4.jar:/home/edoardo/.m2/repository/org/codehaus/plexus/plexus-component-annotations/2.1.0/plexus-component-annotations-2.1.0.jar:/home/edoardo/.m2/repository/org/apache/maven/maven-plugin-api/3.8.4/maven-plugin-api-3.8.4.jar:/home/edoardo/.m2/repository/org/apache/maven/maven-model/3.8.4/maven-model-3.8.4.jar:/home/edoardo/.m2/repository/org/apache/maven/maven-model-builder/3.8.4/maven-model-builder-3.8.4.jar:/home/edoardo/.m2/repository/org/apache/maven/maven-builder-support/3.8.4/maven-builder-support-3.8.4.jar:/home/edoardo/.m2/repository/org/apache/maven/resolver/maven-resolver-api/1.6.3/maven-resolver-api-1.6.3.jar:/home/edoardo/.m2/repository/org/apache/maven/resolver/maven-resolver-util/1.6.3/maven-resolver-util-1.6.3.jar:/home/edoardo/.m2/repository/org/apache/maven/shared/maven-shared-utils/3.3.4/maven-shared-utils-3.3.4.jar:/home/edoardo/.m2/repository/commons-io/commons-io/2.11.0/commons-io-2.11.0.jar:/home/edoardo/.m2/repository/com/google/inject/guice/4.2.2/guice-4.2.2-no_aop.jar:/home/edoardo/.m2/repository/com/google/guava/guava/31.1-jre/guava-31.1-jre.jar:/home/edoardo/.m2/repository/com/google/guava/failureaccess/1.0.1/failureaccess-1.0.1.jar:/home/edoardo/.m2/repository/org/codehaus/plexus/plexus-classworlds/2.6.0/plexus-classworlds-2.6.0.jar:/home/edoardo/.m2/repository/org/codehaus/plexus/plexus-sec-dispatcher/2.0/plexus-sec-dispatcher-2.0.jar:/home/edoardo/.m2/repository/org/codehaus/plexus/plexus-cipher/2.0/plexus-cipher-2.0.jar:/home/edoardo/.m2/repository/commons-cli/commons-cli/1.4/commons-cli-1.4.jar:/home/edoardo/.m2/repository/org/eclipse/sisu/org.eclipse.sisu.plexus/0.3.5/org.eclipse.sisu.plexus-0.3.5.jar:/home/edoardo/.m2/repository/org/apache/maven/maven-settings-builder/3.8.4/maven-settings-builder-3.8.4.jar:/home/edoardo/.m2/repository/org/codehaus/plexus/plexus-interpolation/1.26/plexus-interpolation-1.26.jar:/home/edoardo/.m2/repository/org/apache/maven/maven-resolver-provider/3.8.4/maven-resolver-provider-3.8.4.jar:/home/edoardo/.m2/repository/org/apache/maven/maven-repository-metadata/3.8.4/maven-repository-metadata-3.8.4.jar:/home/edoardo/.m2/repository/org/apache/maven/resolver/maven-resolver-spi/1.6.3/maven-resolver-spi-1.6.3.jar:/home/edoardo/.m2/repository/org/apache/maven/resolver/maven-resolver-impl/1.6.3/maven-resolver-impl-1.6.3.jar:/home/edoardo/.m2/repository/org/codehaus/plexus/plexus-utils/3.3.0/plexus-utils-3.3.0.jar:/home/edoardo/.m2/repository/org/apache/maven/resolver/maven-resolver-connector-basic/1.6.3/maven-resolver-connector-basic-1.6.3.jar:/home/edoardo/.m2/repository/org/apache/maven/resolver/maven-resolver-transport-wagon/1.6.3/maven-resolver-transport-wagon-1.6.3.jar:/home/edoardo/.m2/repository/org/apache/maven/wagon/wagon-http/3.4.3/wagon-http-3.4.3.jar:/home/edoardo/.m2/repository/org/apache/maven/wagon/wagon-http-shared/3.4.3/wagon-http-shared-3.4.3.jar:/home/edoardo/.m2/repository/org/jsoup/jsoup/1.14.2/jsoup-1.14.2.jar:/home/edoardo/.m2/repository/org/apache/httpcomponents/httpclient/4.5.13/httpclient-4.5.13.jar:/home/edoardo/.m2/repository/commons-codec/commons-codec/1.15/commons-codec-1.15.jar:/home/edoardo/.m2/repository/org/apache/httpcomponents/httpcore/4.4.15/httpcore-4.4.15.jar:/home/edoardo/.m2/repository/org/apache/maven/wagon/wagon-provider-api/3.4.3/wagon-provider-api-3.4.3.jar:/home/edoardo/.m2/repository/org/apache/maven/wagon/wagon-file/3.4.3/wagon-file-3.4.3.jar:/home/edoardo/.m2/repository/io/quarkus/quarkus-bootstrap-gradle-resolver/2.10.0.Final/quarkus-bootstrap-gradle-resolver-2.10.0.Final.jar:/home/edoardo/.m2/repository/io/smallrye/common/smallrye-common-io/1.12.0/smallrye-common-io-1.12.0.jar:/home/edoardo/.m2/repository/org/eclipse/sisu/org.eclipse.sisu.inject/0.3.5/org.eclipse.sisu.inject-0.3.5.jar:/home/edoardo/.m2/repository/io/quarkus/quarkus-builder/2.10.0.Final/quarkus-builder-2.10.0.Final.jar:/home/edoardo/.m2/repository/org/graalvm/sdk/graal-sdk/22.1.0/graal-sdk-22.1.0.jar:/home/edoardo/.m2/repository/org/junit/platform/junit-platform-launcher/1.8.2/junit-platform-launcher-1.8.2.jar:/home/edoardo/.m2/repository/org/junit/jupiter/junit-jupiter/5.8.2/junit-jupiter-5.8.2.jar:/home/edoardo/.m2/repository/io/quarkus/quarkus-vertx-http-dev-console-spi/2.10.0.Final/quarkus-vertx-http-dev-console-spi-2.10.0.Final.jar:/home/edoardo/.m2/repository/io/quarkus/quarkus-vertx-http-dev-console-runtime-spi/2.10.0.Final/quarkus-vertx-http-dev-console-runtime-spi-2.10.0.Final.jar:/home/edoardo/.m2/repository/io/quarkus/arc/arc/2.10.0.Final/arc-2.10.0.Final.jar:/home/edoardo/.m2/repository/jakarta/transaction/jakarta.transaction-api/1.3.3/jakarta.transaction-api-1.3.3.jar:/home/edoardo/.m2/repository/io/vertx/vertx-web/4.2.7/vertx-web-4.2.7.jar:/home/edoardo/.m2/repository/io/vertx/vertx-web-common/4.2.7/vertx-web-common-4.2.7.jar:/home/edoardo/.m2/repository/io/vertx/vertx-auth-common/4.2.7/vertx-auth-common-4.2.7.jar:/home/edoardo/.m2/repository/io/vertx/vertx-bridge-common/4.2.7/vertx-bridge-common-4.2.7.jar:/home/edoardo/.m2/repository/io/vertx/vertx-core/4.2.7/vertx-core-4.2.7.jar:/home/edoardo/.m2/repository/io/netty/netty-common/4.1.74.Final/netty-common-4.1.74.Final.jar:/home/edoardo/.m2/repository/io/netty/netty-buffer/4.1.74.Final/netty-buffer-4.1.74.Final.jar:/home/edoardo/.m2/repository/io/netty/netty-transport/4.1.74.Final/netty-transport-4.1.74.Final.jar:/home/edoardo/.m2/repository/io/netty/netty-handler/4.1.74.Final/netty-handler-4.1.74.Final.jar:/home/edoardo/.m2/repository/io/netty/netty-codec/4.1.74.Final/netty-codec-4.1.74.Final.jar:/home/edoardo/.m2/repository/io/netty/netty-tcnative-classes/2.0.48.Final/netty-tcnative-classes-2.0.48.Final.jar:/home/edoardo/.m2/repository/io/netty/netty-handler-proxy/4.1.74.Final/netty-handler-proxy-4.1.74.Final.jar:/home/edoardo/.m2/repository/io/netty/netty-codec-socks/4.1.74.Final/netty-codec-socks-4.1.74.Final.jar:/home/edoardo/.m2/repository/io/netty/netty-codec-http/4.1.74.Final/netty-codec-http-4.1.74.Final.jar:/home/edoardo/.m2/repository/io/netty/netty-codec-http2/4.1.74.Final/netty-codec-http2-4.1.74.Final.jar:/home/edoardo/.m2/repository/io/netty/netty-resolver/4.1.74.Final/netty-resolver-4.1.74.Final.jar:/home/edoardo/.m2/repository/io/netty/netty-resolver-dns/4.1.74.Final/netty-resolver-dns-4.1.74.Final.jar:/home/edoardo/.m2/repository/io/netty/netty-codec-dns/4.1.74.Final/netty-codec-dns-4.1.74.Final.jar:/home/edoardo/.m2/repository/com/fasterxml/jackson/core/jackson-core/2.13.3/jackson-core-2.13.3.jar:/home/edoardo/.m2/repository/io/quarkus/quarkus-arc/2.10.0.Final/quarkus-arc-2.10.0.Final.jar:/home/edoardo/.m2/repository/org/eclipse/microprofile/context-propagation/microprofile-context-propagation-api/1.2/microprofile-context-propagation-api-1.2.jar:/home/edoardo/.m2/repository/io/quarkus/arc/arc-processor/2.10.0.Final/arc-processor-2.10.0.Final.jar:/home/edoardo/.m2/repository/org/jboss/logging/jboss-logging/3.5.0.Final/jboss-logging-3.5.0.Final.jar:/home/edoardo/.m2/repository/jakarta/annotation/jakarta.annotation-api/1.3.5/jakarta.annotation-api-1.3.5.jar:/home/edoardo/desenvolvimento/nobank-api-architecture/nobank-api-architecture-chassis/runtime/target/nobank-api-architecture-chassis-1.0.0-SNAPSHOT.jar:/home/edoardo/.m2/repository/io/quarkus/quarkus-junit5-internal/2.10.0.Final/quarkus-junit5-internal-2.10.0.Final.jar:/home/edoardo/.m2/repository/org/jboss/shrinkwrap/shrinkwrap-api/1.2.6/shrinkwrap-api-1.2.6.jar:/home/edoardo/.m2/repository/org/jboss/shrinkwrap/shrinkwrap-spi/1.2.6/shrinkwrap-spi-1.2.6.jar:/home/edoardo/.m2/repository/org/jboss/shrinkwrap/shrinkwrap-impl-base/1.2.6/shrinkwrap-impl-base-1.2.6.jar:/home/edoardo/.m2/repository/org/junit/jupiter/junit-jupiter-api/5.8.2/junit-jupiter-api-5.8.2.jar:/home/edoardo/.m2/repository/org/opentest4j/opentest4j/1.2.0/opentest4j-1.2.0.jar:/home/edoardo/.m2/repository/org/junit/platform/junit-platform-commons/1.8.2/junit-platform-commons-1.8.2.jar:/home/edoardo/.m2/repository/org/apiguardian/apiguardian-api/1.1.2/apiguardian-api-1.1.2.jar:/home/edoardo/.m2/repository/org/junit/jupiter/junit-jupiter-params/5.8.2/junit-jupiter-params-5.8.2.jar:/home/edoardo/.m2/repository/org/junit/jupiter/junit-jupiter-engine/5.8.2/junit-jupiter-engine-5.8.2.jar:/home/edoardo/.m2/repository/org/junit/platform/junit-platform-engine/1.8.2/junit-platform-engine-1.8.2.jar:/home/edoardo/.m2/repository/io/quarkus/quarkus-core/2.10.0.Final/quarkus-core-2.10.0.Final.jar:/home/edoardo/.m2/repository/jakarta/inject/jakarta.inject-api/1.0/jakarta.inject-api-1.0.jar:/home/edoardo/.m2/repository/io/quarkus/quarkus-ide-launcher/2.10.0.Final/quarkus-ide-launcher-2.10.0.Final.jar:/home/edoardo/.m2/repository/io/smallrye/config/smallrye-config/2.10.1/smallrye-config-2.10.1.jar:/home/edoardo/.m2/repository/io/smallrye/config/smallrye-config-core/2.10.1/smallrye-config-core-2.10.1.jar:/home/edoardo/.m2/repository/org/eclipse/microprofile/config/microprofile-config-api/2.0.1/microprofile-config-api-2.0.1.jar:/home/edoardo/.m2/repository/io/smallrye/common/smallrye-common-annotation/1.12.0/smallrye-common-annotation-1.12.0.jar:/home/edoardo/.m2/repository/io/smallrye/common/smallrye-common-expression/1.12.0/smallrye-common-expression-1.12.0.jar:/home/edoardo/.m2/repository/io/smallrye/common/smallrye-common-function/1.12.0/smallrye-common-function-1.12.0.jar:/home/edoardo/.m2/repository/io/smallrye/common/smallrye-common-constraint/1.12.0/smallrye-common-constraint-1.12.0.jar:/home/edoardo/.m2/repository/io/smallrye/common/smallrye-common-classloader/1.12.0/smallrye-common-classloader-1.12.0.jar:/home/edoardo/.m2/repository/io/smallrye/config/smallrye-config-common/2.10.1/smallrye-config-common-2.10.1.jar:/home/edoardo/.m2/repository/org/jboss/logmanager/jboss-logmanager-embedded/1.0.10/jboss-logmanager-embedded-1.0.10.jar:/home/edoardo/.m2/repository/org/jboss/logging/jboss-logging-annotations/2.2.1.Final/jboss-logging-annotations-2.2.1.Final.jar:/home/edoardo/.m2/repository/org/jboss/threads/jboss-threads/3.4.2.Final/jboss-threads-3.4.2.Final.jar:/home/edoardo/.m2/repository/org/slf4j/slf4j-api/1.7.36/slf4j-api-1.7.36.jar:/home/edoardo/.m2/repository/org/jboss/slf4j/slf4j-jboss-logmanager/1.1.0.Final/slf4j-jboss-logmanager-1.1.0.Final.jar:/home/edoardo/.m2/repository/io/quarkus/quarkus-bootstrap-runner/2.10.0.Final/quarkus-bootstrap-runner-2.10.0.Final.jar:/home/edoardo/.m2/repository/io/github/crac/org-crac/0.1.1/org-crac-0.1.1.jar:/home/edoardo/.m2/repository/io/quarkus/quarkus-fs-util/0.0.9/quarkus-fs-util-0.0.9.jar:/home/edoardo/.m2/repository/io/quarkus/quarkus-test-common/2.10.0.Final/quarkus-test-common-2.10.0.Final.jar:/home/edoardo/.m2/repository/org/jboss/logging/commons-logging-jboss-logging/1.0.0.Final/commons-logging-jboss-logging-1.0.0.Final.jar:/home/edoardo/.m2/repository/jakarta/enterprise/jakarta.enterprise.cdi-api/2.0.2/jakarta.enterprise.cdi-api-2.0.2.jar:/home/edoardo/.m2/repository/jakarta/el/jakarta.el-api/3.0.3/jakarta.el-api-3.0.3.jar:/home/edoardo/.m2/repository/jakarta/interceptor/jakarta.interceptor-api/1.2.5/jakarta.interceptor-api-1.2.5.jar:/home/edoardo/.m2/repository/io/quarkus/quarkus-devtools-utilities/2.10.0.Final/quarkus-devtools-utilities-2.10.0.Final.jar:/home/edoardo/.m2/repository/org/awaitility/awaitility/4.2.0/awaitility-4.2.0.jar:/home/edoardo/.m2/repository/org/hamcrest/hamcrest/2.1/hamcrest-2.1.jar:"/>
    <property name="java.vm.vendor" value="Eclipse Adoptium"/>
    <property name="sun.arch.data.model" value="64"/>
    <property name="java.vendor.url" value="https://adoptium.net/"/>
    <property name="user.timezone" value="America/Sao_Paulo"/>
    <property name="os.name" value="Linux"/>
    <property name="java.vm.specification.version" value="17"/>
    <property name="sun.java.launcher" value="SUN_STANDARD"/>
    <property name="sun.boot.library.path" value="/home/edoardo/.sdkman/candidates/java/17.0.2-tem/lib"/>
    <property name="sun.java.command" value="/home/edoardo/desenvolvimento/nobank-api-architecture/nobank-api-architecture-chassis/deployment/target/surefire/surefirebooter-20220627100332959_3.jar /home/edoardo/desenvolvimento/nobank-api-architecture/nobank-api-architecture-chassis/deployment/target/surefire 2022-06-27T10-03-27_020-jvmRun1 surefire-20220627100332959_1tmp surefire_0-20220627100332959_2tmp"/>
    <property name="maven.home" value="/opt/maven"/>
    <property name="jdk.debug" value="release"/>
    <property name="surefire.test.class.path" value="/home/edoardo/desenvolvimento/nobank-api-architecture/nobank-api-architecture-chassis/deployment/target/test-classes:/home/edoardo/desenvolvimento/nobank-api-architecture/nobank-api-architecture-chassis/deployment/target/classes:/home/edoardo/.m2/repository/io/quarkus/quarkus-arc-deployment/2.10.0.Final/quarkus-arc-deployment-2.10.0.Final.jar:/home/edoardo/.m2/repository/io/quarkus/quarkus-core-deployment/2.10.0.Final/quarkus-core-deployment-2.10.0.Final.jar:/home/edoardo/.m2/repository/org/aesh/readline/2.2/readline-2.2.jar:/home/edoardo/.m2/repository/org/fusesource/jansi/jansi/1.18/jansi-1.18.jar:/home/edoardo/.m2/repository/org/aesh/aesh/2.6/aesh-2.6.jar:/home/edoardo/.m2/repository/org/apache/commons/commons-lang3/3.12.0/commons-lang3-3.12.0.jar:/home/edoardo/.m2/repository/org/wildfly/common/wildfly-common/1.5.4.Final-format-001/wildfly-common-1.5.4.Final-format-001.jar:/home/edoardo/.m2/repository/io/quarkus/gizmo/gizmo/1.0.11.Final/gizmo-1.0.11.Final.jar:/home/edoardo/.m2/repository/org/ow2/asm/asm-util/9.3/asm-util-9.3.jar:/home/edoardo/.m2/repository/org/jboss/jandex/2.4.2.Final/jandex-2.4.2.Final.jar:/home/edoardo/.m2/repository/org/ow2/asm/asm/9.3/asm-9.3.jar:/home/edoardo/.m2/repository/org/ow2/asm/asm-commons/9.3/asm-commons-9.3.jar:/home/edoardo/.m2/repository/org/ow2/asm/asm-tree/9.3/asm-tree-9.3.jar:/home/edoardo/.m2/repository/org/ow2/asm/asm-analysis/9.3/asm-analysis-9.3.jar:/home/edoardo/.m2/repository/io/quarkus/quarkus-development-mode-spi/2.10.0.Final/quarkus-development-mode-spi-2.10.0.Final.jar:/home/edoardo/.m2/repository/io/quarkus/quarkus-class-change-agent/2.10.0.Final/quarkus-class-change-agent-2.10.0.Final.jar:/home/edoardo/.m2/repository/io/quarkus/quarkus-bootstrap-core/2.10.0.Final/quarkus-bootstrap-core-2.10.0.Final.jar:/home/edoardo/.m2/repository/io/quarkus/quarkus-bootstrap-app-model/2.10.0.Final/quarkus-bootstrap-app-model-2.10.0.Final.jar:/home/edoardo/.m2/repository/io/quarkus/quarkus-bootstrap-maven-resolver/2.10.0.Final/quarkus-bootstrap-maven-resolver-2.10.0.Final.jar:/home/edoardo/.m2/repository/org/apache/maven/maven-embedder/3.8.4/maven-embedder-3.8.4.jar:/home/edoardo/.m2/repository/org/apache/maven/maven-settings/3.8.4/maven-settings-3.8.4.jar:/home/edoardo/.m2/repository/org/apache/maven/maven-core/3.8.4/maven-core-3.8.4.jar:/home/edoardo/.m2/repository/org/apache/maven/maven-artifact/3.8.4/maven-artifact-3.8.4.jar:/home/edoardo/.m2/repository/org/codehaus/plexus/plexus-component-annotations/2.1.0/plexus-component-annotations-2.1.0.jar:/home/edoardo/.m2/repository/org/apache/maven/maven-plugin-api/3.8.4/maven-plugin-api-3.8.4.jar:/home/edoardo/.m2/repository/org/apache/maven/maven-model/3.8.4/maven-model-3.8.4.jar:/home/edoardo/.m2/repository/org/apache/maven/maven-model-builder/3.8.4/maven-model-builder-3.8.4.jar:/home/edoardo/.m2/repository/org/apache/maven/maven-builder-support/3.8.4/maven-builder-support-3.8.4.jar:/home/edoardo/.m2/repository/org/apache/maven/resolver/maven-resolver-api/1.6.3/maven-resolver-api-1.6.3.jar:/home/edoardo/.m2/repository/org/apache/maven/resolver/maven-resolver-util/1.6.3/maven-resolver-util-1.6.3.jar:/home/edoardo/.m2/repository/org/apache/maven/shared/maven-shared-utils/3.3.4/maven-shared-utils-3.3.4.jar:/home/edoardo/.m2/repository/commons-io/commons-io/2.11.0/commons-io-2.11.0.jar:/home/edoardo/.m2/repository/com/google/inject/guice/4.2.2/guice-4.2.2-no_aop.jar:/home/edoardo/.m2/repository/com/google/guava/guava/31.1-jre/guava-31.1-jre.jar:/home/edoardo/.m2/repository/com/google/guava/failureaccess/1.0.1/failureaccess-1.0.1.jar:/home/edoardo/.m2/repository/org/codehaus/plexus/plexus-classworlds/2.6.0/plexus-classworlds-2.6.0.jar:/home/edoardo/.m2/repository/org/codehaus/plexus/plexus-sec-dispatcher/2.0/plexus-sec-dispatcher-2.0.jar:/home/edoardo/.m2/repository/org/codehaus/plexus/plexus-cipher/2.0/plexus-cipher-2.0.jar:/home/edoardo/.m2/repository/commons-cli/commons-cli/1.4/commons-cli-1.4.jar:/home/edoardo/.m2/repository/org/eclipse/sisu/org.eclipse.sisu.plexus/0.3.5/org.eclipse.sisu.plexus-0.3.5.jar:/home/edoardo/.m2/repository/org/apache/maven/maven-settings-builder/3.8.4/maven-settings-builder-3.8.4.jar:/home/edoardo/.m2/repository/org/codehaus/plexus/plexus-interpolation/1.26/plexus-interpolation-1.26.jar:/home/edoardo/.m2/repository/org/apache/maven/maven-resolver-provider/3.8.4/maven-resolver-provider-3.8.4.jar:/home/edoardo/.m2/repository/org/apache/maven/maven-repository-metadata/3.8.4/maven-repository-metadata-3.8.4.jar:/home/edoardo/.m2/repository/org/apache/maven/resolver/maven-resolver-spi/1.6.3/maven-resolver-spi-1.6.3.jar:/home/edoardo/.m2/repository/org/apache/maven/resolver/maven-resolver-impl/1.6.3/maven-resolver-impl-1.6.3.jar:/home/edoardo/.m2/repository/org/codehaus/plexus/plexus-utils/3.3.0/plexus-utils-3.3.0.jar:/home/edoardo/.m2/repository/org/apache/maven/resolver/maven-resolver-connector-basic/1.6.3/maven-resolver-connector-basic-1.6.3.jar:/home/edoardo/.m2/repository/org/apache/maven/resolver/maven-resolver-transport-wagon/1.6.3/maven-resolver-transport-wagon-1.6.3.jar:/home/edoardo/.m2/repository/org/apache/maven/wagon/wagon-http/3.4.3/wagon-http-3.4.3.jar:/home/edoardo/.m2/repository/org/apache/maven/wagon/wagon-http-shared/3.4.3/wagon-http-shared-3.4.3.jar:/home/edoardo/.m2/repository/org/jsoup/jsoup/1.14.2/jsoup-1.14.2.jar:/home/edoardo/.m2/repository/org/apache/httpcomponents/httpclient/4.5.13/httpclient-4.5.13.jar:/home/edoardo/.m2/repository/commons-codec/commons-codec/1.15/commons-codec-1.15.jar:/home/edoardo/.m2/repository/org/apache/httpcomponents/httpcore/4.4.15/httpcore-4.4.15.jar:/home/edoardo/.m2/repository/org/apache/maven/wagon/wagon-provider-api/3.4.3/wagon-provider-api-3.4.3.jar:/home/edoardo/.m2/repository/org/apache/maven/wagon/wagon-file/3.4.3/wagon-file-3.4.3.jar:/home/edoardo/.m2/repository/io/quarkus/quarkus-bootstrap-gradle-resolver/2.10.0.Final/quarkus-bootstrap-gradle-resolver-2.10.0.Final.jar:/home/edoardo/.m2/repository/io/smallrye/common/smallrye-common-io/1.12.0/smallrye-common-io-1.12.0.jar:/home/edoardo/.m2/repository/org/eclipse/sisu/org.eclipse.sisu.inject/0.3.5/org.eclipse.sisu.inject-0.3.5.jar:/home/edoardo/.m2/repository/io/quarkus/quarkus-builder/2.10.0.Final/quarkus-builder-2.10.0.Final.jar:/home/edoardo/.m2/repository/org/graalvm/sdk/graal-sdk/22.1.0/graal-sdk-22.1.0.jar:/home/edoardo/.m2/repository/org/junit/platform/junit-platform-launcher/1.8.2/junit-platform-launcher-1.8.2.jar:/home/edoardo/.m2/repository/org/junit/jupiter/junit-jupiter/5.8.2/junit-jupiter-5.8.2.jar:/home/edoardo/.m2/repository/io/quarkus/quarkus-vertx-http-dev-console-spi/2.10.0.Final/quarkus-vertx-http-dev-console-spi-2.10.0.Final.jar:/home/edoardo/.m2/repository/io/quarkus/quarkus-vertx-http-dev-console-runtime-spi/2.10.0.Final/quarkus-vertx-http-dev-console-runtime-spi-2.10.0.Final.jar:/home/edoardo/.m2/repository/io/quarkus/arc/arc/2.10.0.Final/arc-2.10.0.Final.jar:/home/edoardo/.m2/repository/jakarta/transaction/jakarta.transaction-api/1.3.3/jakarta.transaction-api-1.3.3.jar:/home/edoardo/.m2/repository/io/vertx/vertx-web/4.2.7/vertx-web-4.2.7.jar:/home/edoardo/.m2/repository/io/vertx/vertx-web-common/4.2.7/vertx-web-common-4.2.7.jar:/home/edoardo/.m2/repository/io/vertx/vertx-auth-common/4.2.7/vertx-auth-common-4.2.7.jar:/home/edoardo/.m2/repository/io/vertx/vertx-bridge-common/4.2.7/vertx-bridge-common-4.2.7.jar:/home/edoardo/.m2/repository/io/vertx/vertx-core/4.2.7/vertx-core-4.2.7.jar:/home/edoardo/.m2/repository/io/netty/netty-common/4.1.74.Final/netty-common-4.1.74.Final.jar:/home/edoardo/.m2/repository/io/netty/netty-buffer/4.1.74.Final/netty-buffer-4.1.74.Final.jar:/home/edoardo/.m2/repository/io/netty/netty-transport/4.1.74.Final/netty-transport-4.1.74.Final.jar:/home/edoardo/.m2/repository/io/netty/netty-handler/4.1.74.Final/netty-handler-4.1.74.Final.jar:/home/edoardo/.m2/repository/io/netty/netty-codec/4.1.74.Final/netty-codec-4.1.74.Final.jar:/home/edoardo/.m2/repository/io/netty/netty-tcnative-classes/2.0.48.Final/netty-tcnative-classes-2.0.48.Final.jar:/home/edoardo/.m2/repository/io/netty/netty-handler-proxy/4.1.74.Final/netty-handler-proxy-4.1.74.Final.jar:/home/edoardo/.m2/repository/io/netty/netty-codec-socks/4.1.74.Final/netty-codec-socks-4.1.74.Final.jar:/home/edoardo/.m2/repository/io/netty/netty-codec-http/4.1.74.Final/netty-codec-http-4.1.74.Final.jar:/home/edoardo/.m2/repository/io/netty/netty-codec-http2/4.1.74.Final/netty-codec-http2-4.1.74.Final.jar:/home/edoardo/.m2/repository/io/netty/netty-resolver/4.1.74.Final/netty-resolver-4.1.74.Final.jar:/home/edoardo/.m2/repository/io/netty/netty-resolver-dns/4.1.74.Final/netty-resolver-dns-4.1.74.Final.jar:/home/edoardo/.m2/repository/io/netty/netty-codec-dns/4.1.74.Final/netty-codec-dns-4.1.74.Final.jar:/home/edoardo/.m2/repository/com/fasterxml/jackson/core/jackson-core/2.13.3/jackson-core-2.13.3.jar:/home/edoardo/.m2/repository/io/quarkus/quarkus-arc/2.10.0.Final/quarkus-arc-2.10.0.Final.jar:/home/edoardo/.m2/repository/org/eclipse/microprofile/context-propagation/microprofile-context-propagation-api/1.2/microprofile-context-propagation-api-1.2.jar:/home/edoardo/.m2/repository/io/quarkus/arc/arc-processor/2.10.0.Final/arc-processor-2.10.0.Final.jar:/home/edoardo/.m2/repository/org/jboss/logging/jboss-logging/3.5.0.Final/jboss-logging-3.5.0.Final.jar:/home/edoardo/.m2/repository/jakarta/annotation/jakarta.annotation-api/1.3.5/jakarta.annotation-api-1.3.5.jar:/home/edoardo/desenvolvimento/nobank-api-architecture/nobank-api-architecture-chassis/runtime/target/nobank-api-architecture-chassis-1.0.0-SNAPSHOT.jar:/home/edoardo/.m2/repository/io/quarkus/quarkus-junit5-internal/2.10.0.Final/quarkus-junit5-internal-2.10.0.Final.jar:/home/edoardo/.m2/repository/org/jboss/shrinkwrap/shrinkwrap-api/1.2.6/shrinkwrap-api-1.2.6.jar:/home/edoardo/.m2/repository/org/jboss/shrinkwrap/shrinkwrap-spi/1.2.6/shrinkwrap-spi-1.2.6.jar:/home/edoardo/.m2/repository/org/jboss/shrinkwrap/shrinkwrap-impl-base/1.2.6/shrinkwrap-impl-base-1.2.6.jar:/home/edoardo/.m2/repository/org/junit/jupiter/junit-jupiter-api/5.8.2/junit-jupiter-api-5.8.2.jar:/home/edoardo/.m2/repository/org/opentest4j/opentest4j/1.2.0/opentest4j-1.2.0.jar:/home/edoardo/.m2/repository/org/junit/platform/junit-platform-commons/1.8.2/junit-platform-commons-1.8.2.jar:/home/edoardo/.m2/repository/org/apiguardian/apiguardian-api/1.1.2/apiguardian-api-1.1.2.jar:/home/edoardo/.m2/repository/org/junit/jupiter/junit-jupiter-params/5.8.2/junit-jupiter-params-5.8.2.jar:/home/edoardo/.m2/repository/org/junit/jupiter/junit-jupiter-engine/5.8.2/junit-jupiter-engine-5.8.2.jar:/home/edoardo/.m2/repository/org/junit/platform/junit-platform-engine/1.8.2/junit-platform-engine-1.8.2.jar:/home/edoardo/.m2/repository/io/quarkus/quarkus-core/2.10.0.Final/quarkus-core-2.10.0.Final.jar:/home/edoardo/.m2/repository/jakarta/inject/jakarta.inject-api/1.0/jakarta.inject-api-1.0.jar:/home/edoardo/.m2/repository/io/quarkus/quarkus-ide-launcher/2.10.0.Final/quarkus-ide-launcher-2.10.0.Final.jar:/home/edoardo/.m2/repository/io/smallrye/config/smallrye-config/2.10.1/smallrye-config-2.10.1.jar:/home/edoardo/.m2/repository/io/smallrye/config/smallrye-config-core/2.10.1/smallrye-config-core-2.10.1.jar:/home/edoardo/.m2/repository/org/eclipse/microprofile/config/microprofile-config-api/2.0.1/microprofile-config-api-2.0.1.jar:/home/edoardo/.m2/repository/io/smallrye/common/smallrye-common-annotation/1.12.0/smallrye-common-annotation-1.12.0.jar:/home/edoardo/.m2/repository/io/smallrye/common/smallrye-common-expression/1.12.0/smallrye-common-expression-1.12.0.jar:/home/edoardo/.m2/repository/io/smallrye/common/smallrye-common-function/1.12.0/smallrye-common-function-1.12.0.jar:/home/edoardo/.m2/repository/io/smallrye/common/smallrye-common-constraint/1.12.0/smallrye-common-constraint-1.12.0.jar:/home/edoardo/.m2/repository/io/smallrye/common/smallrye-common-classloader/1.12.0/smallrye-common-classloader-1.12.0.jar:/home/edoardo/.m2/repository/io/smallrye/config/smallrye-config-common/2.10.1/smallrye-config-common-2.10.1.jar:/home/edoardo/.m2/repository/org/jboss/logmanager/jboss-logmanager-embedded/1.0.10/jboss-logmanager-embedded-1.0.10.jar:/home/edoardo/.m2/repository/org/jboss/logging/jboss-logging-annotations/2.2.1.Final/jboss-logging-annotations-2.2.1.Final.jar:/home/edoardo/.m2/repository/org/jboss/threads/jboss-threads/3.4.2.Final/jboss-threads-3.4.2.Final.jar:/home/edoardo/.m2/repository/org/slf4j/slf4j-api/1.7.36/slf4j-api-1.7.36.jar:/home/edoardo/.m2/repository/org/jboss/slf4j/slf4j-jboss-logmanager/1.1.0.Final/slf4j-jboss-logmanager-1.1.0.Final.jar:/home/edoardo/.m2/repository/io/quarkus/quarkus-bootstrap-runner/2.10.0.Final/quarkus-bootstrap-runner-2.10.0.Final.jar:/home/edoardo/.m2/repository/io/github/crac/org-crac/0.1.1/org-crac-0.1.1.jar:/home/edoardo/.m2/repository/io/quarkus/quarkus-fs-util/0.0.9/quarkus-fs-util-0.0.9.jar:/home/edoardo/.m2/repository/io/quarkus/quarkus-test-common/2.10.0.Final/quarkus-test-common-2.10.0.Final.jar:/home/edoardo/.m2/repository/org/jboss/logging/commons-logging-jboss-logging/1.0.0.Final/commons-logging-jboss-logging-1.0.0.Final.jar:/home/edoardo/.m2/repository/jakarta/enterprise/jakarta.enterprise.cdi-api/2.0.2/jakarta.enterprise.cdi-api-2.0.2.jar:/home/edoardo/.m2/repository/jakarta/el/jakarta.el-api/3.0.3/jakarta.el-api-3.0.3.jar:/home/edoardo/.m2/repository/jakarta/interceptor/jakarta.interceptor-api/1.2.5/jakarta.interceptor-api-1.2.5.jar:/home/edoardo/.m2/repository/io/quarkus/quarkus-devtools-utilities/2.10.0.Final/quarkus-devtools-utilities-2.10.0.Final.jar:/home/edoardo/.m2/repository/org/awaitility/awaitility/4.2.0/awaitility-4.2.0.jar:/home/edoardo/.m2/repository/org/hamcrest/hamcrest/2.1/hamcrest-2.1.jar:"/>
    <property name="sun.cpu.endian" value="little"/>
    <property name="user.home" value="/home/edoardo"/>
    <property name="user.language" value="en"/>
    <property name="java.specification.vendor" value="Oracle Corporation"/>
    <property name="java.version.date" value="2022-01-18"/>
    <property name="java.home" value="/home/edoardo/.sdkman/candidates/java/17.0.2-tem"/>
    <property name="file.separator" value="/"/>
    <property name="maven.repo" value="/home/edoardo/.m2/repository"/>
    <property name="basedir" value="/home/edoardo/desenvolvimento/nobank-api-architecture/nobank-api-architecture-chassis/deployment"/>
    <property name="java.vm.compressedOopsMode" value="32-bit"/>
    <property name="line.separator" value="&#10;"/>
    <property name="java.specification.name" value="Java Platform API Specification"/>
    <property name="java.vm.specification.vendor" value="Oracle Corporation"/>
    <property name="java.nio.channels.DefaultThreadPool.threadFactory" value="io.quarkus.dev.io.NioThreadPoolThreadFactory"/>
    <property name="surefire.real.class.path" value="/home/edoardo/desenvolvimento/nobank-api-architecture/nobank-api-architecture-chassis/deployment/target/surefire/surefirebooter-20220627100332959_3.jar"/>
    <property name="sun.management.compiler" value="HotSpot 64-Bit Tiered Compilers"/>
    <property name="java.runtime.version" value="17.0.2+8"/>
    <property name="user.name" value="edoardo"/>
    <property name="path.separator" value=":"/>
    <property name="os.version" value="5.10.16.3-microsoft-standard-WSL2"/>
    <property name="java.runtime.name" value="OpenJDK Runtime Environment"/>
    <property name="file.encoding" value="UTF-8"/>
    <property name="java.vm.name" value="OpenJDK 64-Bit Server VM"/>
    <property name="java.vendor.version" value="Temurin-17.0.2+8"/>
    <property name="localRepository" value="/home/edoardo/.m2/repository"/>
    <property name="java.vendor.url.bug" value="https://github.com/adoptium/adoptium-support/issues"/>
    <property name="java.io.tmpdir" value="/tmp"/>
    <property name="quarkus.log.file.path" value="target/target/quarkus.log"/>
    <property name="java.version" value="17.0.2"/>
    <property name="java.util.concurrent.ForkJoinPool.common.threadFactory" value="io.quarkus.bootstrap.forkjoin.QuarkusForkJoinWorkerThreadFactory"/>
    <property name="user.dir" value="/home/edoardo/desenvolvimento/nobank-api-architecture/nobank-api-architecture-chassis/deployment"/>
    <property name="os.arch" value="amd64"/>
    <property name="java.vm.specification.name" value="Java Virtual Machine Specification"/>
    <property name="native.encoding" value="UTF-8"/>
    <property name="java.util.logging.manager" value="org.jboss.logmanager.LogManager"/>
    <property name="java.library.path" value="/usr/java/packages/lib:/usr/lib64:/lib64:/lib:/usr/lib"/>
    <property name="java.vm.info" value="mixed mode, sharing"/>
    <property name="java.vendor" value="Eclipse Adoptium"/>
    <property name="java.vm.version" value="17.0.2+8"/>
    <property name="sun.io.unicode.encoding" value="UnicodeLittle"/>
    <property name="java.class.version" value="61.0"/>
  </properties>
  <testcase name="writeYourOwnDevModeTest" classname="org.nobank.architecture.api.chassis.test.NobankApiArchitectureChassisDevModeTest" time="1.116">
    <system-out><![CDATA[&amp#27;[94mTests paused&amp#27;[39m
__  ____  __  _____   ___  __ ____  ______ 
 --/ __ \/ / / / _ | / _ \/ //_/ / / / __/ 
 -/ /_/ / /_/ / __ |/ , _/ ,< / /_/ /\ \   
--\___\_\____/_/ |_/_/|_/_/|_|\____/___/   
2022-06-27 10:03:36,811 INFO  [io.quarkus] (Quarkus Main Thread) nobank-api-architecture-chassis-deployment 1.0.0-SNAPSHOT on JVM (powered by Quarkus 2.10.0.Final) started in 0.619s. 
2022-06-27 10:03:36,811 INFO  [io.quarkus] (Quarkus Main Thread) Profile dev activated. Live Coding activated.
2022-06-27 10:03:36,811 INFO  [io.quarkus] (Quarkus Main Thread) Installed features: [cdi, nobank-api-architecture-chassis]
2022-06-27 10:03:36,820 INFO  [io.quarkus] (Quarkus Main Thread) nobank-api-architecture-chassis-deployment stopped in 0.006s
]]></system-out>
  </testcase>
</testsuite>